<?xml version="1.0" encoding="UTF-8"?>
<testsuite xmlns:xsi="http://www.w3.org/2001/XMLSchema-instance" xsi:noNamespaceSchemaLocation="https://maven.apache.org/surefire/maven-surefire-plugin/xsd/surefire-test-report.xsd" version="3.0.1" name="jar.FacebookHomePageTest" time="20.452" tests="5" errors="0" skipped="0" failures="0">
  <properties>
[...]
</properties>
  <testcase name="testCreateNewAccountLink" classname="jar.FacebookHomePageTest" time="2.827">
    <system-err><![CDATA[Starting ChromeDriver 129.0.6668.58 (81a06fb873a9b386848719cf9f93e59579fb5d4b-refs/branch-heads/6668@{#1318}) on port 44604
Only local connections are allowed.
Please see https://chromedriver.chromium.org/security-considerations for suggestions on keeping ChromeDriver safe.
ChromeDriver was started successfully on port 44604.
Sep 22, 2024 6:23:28 PM org.openqa.selenium.remote.ProtocolHandshake createSession
INFO: Detected dialect: W3C
]]></system-err>
  </testcase>
  <testcase name="testLoginButtonPresence" classname="jar.FacebookHomePageTest" time="1.711">
    <system-err><![CDATA[Starting ChromeDriver 129.0.6668.58 (81a06fb873a9b386848719cf9f93e59579fb5d4b-refs/branch-heads/6668@{#1318}) on port 60321
Only local connections are allowed.
Please see https://chromedriver.chromium.org/security-considerations for suggestions on keeping ChromeDriver safe.
ChromeDriver was started successfully on port 60321.
Sep 22, 2024 6:23:30 PM org.openqa.selenium.remote.ProtocolHandshake createSession
INFO: Detected dialect: W3C
]]></system-err>
  </testcase>
  <testcase name="testLoginFunctionality" classname="jar.FacebookHomePageTest" time="12.421">
    <system-err><![CDATA[Starting ChromeDriver 129.0.6668.58 (81a06fb873a9b386848719cf9f93e59579fb5d4b-refs/branch-heads/6668@{#1318}) on port 35404
Only local connections are allowed.
Please see https://chromedriver.chromium.org/security-considerations for suggestions on keeping ChromeDriver safe.
ChromeDriver was started successfully on port 35404.
Sep 22, 2024 6:23:31 PM org.openqa.selenium.remote.ProtocolHandshake createSession
INFO: Detected dialect: W3C
]]></system-err>
  </testcase>
  <testcase name="testHomePageTitle" classname="jar.FacebookHomePageTest" time="1.755">
    <system-err><![CDATA[Starting ChromeDriver 129.0.6668.58 (81a06fb873a9b386848719cf9f93e59579fb5d4b-refs/branch-heads/6668@{#1318}) on port 37006
Only local connections are allowed.
Please see https://chromedriver.chromium.org/security-considerations for suggestions on keeping ChromeDriver safe.
ChromeDriver was started successfully on port 37006.
Sep 22, 2024 6:23:44 PM org.openqa.selenium.remote.ProtocolHandshake createSession
INFO: Detected dialect: W3C
]]></system-err>
  </testcase>
  <testcase name="testLanguageOptions" classname="jar.FacebookHomePageTest" time="1.724">
    <system-err><![CDATA[Starting ChromeDriver 129.0.6668.58 (81a06fb873a9b386848719cf9f93e59579fb5d4b-refs/branch-heads/6668@{#1318}) on port 20750
Only local connections are allowed.
Please see https://chromedriver.chromium.org/security-considerations for suggestions on keeping ChromeDriver safe.
ChromeDriver was started successfully on port 20750.
Sep 22, 2024 6:23:46 PM org.openqa.selenium.remote.ProtocolHandshake createSession
INFO: Detected dialect: W3C
]]></system-err>
  </testcase>
</testsuite>